DBG 20180612-06:47:07.111 [24] Sending mdata update - InstrumentId{317837590261}, TradingStatus{2}, DataQuality{0}, Bid{0,0}, Ask{0,0}, BidBook{}, AskBook{}
DBG 20180612-06:47:07.111 [24] Sending mdata update - InstrumentId{317837590261}, TradingStatus{2}, DataQuality{0}, Bid{0,0}, Ask{0,0}, BidBook{}, AskBook{}
DBG 20180612-06:47:31.813 [14] Sending mdata update - InstrumentId{317837590261}, TradingStatus{2}, DataQuality{3}, Bid{0,0}, Ask{0,0}, BidBook{}, AskBook{}
DBG 20180612-06:47:31.888 [14] Sending mdata update - InstrumentId{317837590261}, TradingStatus{2}, DataQuality{1}, Bid{0,0}, Ask{0,0}, BidBook{}, AskBook{}
DBG 20180612-06:58:47.118 [20] Sending mdata update - InstrumentId{317837590261}, TradingStatus{1}, DataQuality{1}, Bid{0,0}, Ask{0,0}, BidBook{}, AskBook{}
DBG 20180612-06:58:47.118 [20] Sending mdata update - InstrumentId{317837590261}, TradingStatus{1}, DataQuality{1}, Bid{850,2400}, Ask{0,0}, BidBook{850,2400}, AskBook{}
DBG 20180612-06:58:47.118 [20] Sending mdata update - InstrumentId{317837590261}, TradingStatus{1}, DataQuality{1}, Bid{850,2400}, Ask{0,0}, BidBook{850,2400; 750,26013}, AskBook{}
DBG 20180612-06:58:47.118 [20] Sending mdata update - InstrumentId{317837590261}, TradingStatus{1}, DataQuality{1}, Bid{850,2400}, Ask{0,0}, BidBook{850,2400; 750,26013; 105,15013}, AskBook{}
DBG 20180612-06:58:47.118 [20] Sending mdata update - InstrumentId{317837590261}, TradingStatus{1}, DataQuality{1}, Bid{850,2400}, Ask{1025,989050}, BidBook{850,2400; 750,26013; 105,15013}, AskBook{1025,989050}
DBG 20180612-06:58:47.118 [20] Sending mdata update - InstrumentId{317837590261}, TradingStatus{1}, DataQuality{1}, Bid{850,2400}, Ask{1025,989050}, BidBook{850,2400; 750,26013; 105,15013}, AskBook{1025,989050; 1040,19919}
DBG 20180612-06:58:47.118 [20] Sending mdata update - InstrumentId{317837590261}, TradingStatus{1}, DataQuality{1}, Bid{850,2400}, Ask{1025,989050}, BidBook{850,2400; 750,26013; 105,15013}, AskBook{1025,989050; 1040,19919; 1050,1013}
DBG 20180612-06:58:47.118 [20] Sending mdata update - InstrumentId{317837590261}, TradingStatus{1}, DataQuality{1}, Bid{850,2400}, Ask{1025,989050}, BidBook{850,2400; 750,26013; 105,15013}, AskBook{1025,989050; 1040,19919; 1050,6013}
DBG 20180612-07:58:47.148 [20] Sending mdata update - InstrumentId{317837590261}, TradingStatus{2}, DataQuality{1}, Bid{850,2400}, Ask{1025,989050}, BidBook{850,2400; 750,26013; 105,15013}, AskBook{1025,989050; 1040,19919; 1050,6013}
DBG 20180612-08:28:47.189 [21] Sending mdata update - InstrumentId{317837590261}, TradingStatus{4}, DataQuality{1}, Bid{850,2400}, Ask{1025,989050}, BidBook{850,2400; 750,26013; 105,15013}, AskBook{1025,989050; 1040,19919; 1050,6013}
DBG 20180612-08:58:35.127 [18] Sending mdata update - InstrumentId{317837590261}, TradingStatus{4}, DataQuality{1}, Bid{850,2400}, Ask{885,1}, BidBook{850,2400; 750,26013; 105,15013}, AskBook{885,1; 1025,989050; 1040,19919; 1050,6013}
DBG 20180612-08:58:47.594 [19] Sending mdata update - InstrumentId{317837590261}, TradingStatus{2}, DataQuality{1}, Bid{850,2400}, Ask{885,1}, BidBook{850,2400; 750,26013; 105,15013}, AskBook{885,1; 1025,989050; 1040,19919; 1050,6013}
DBG 20180612-08:58:47.832 [22] Sending mdata update - InstrumentId{317837590261}, TradingStatus{2}, DataQuality{1}, Bid{850,2400}, Ask{885,5353}, BidBook{850,2400; 750,26013; 105,15013}, AskBook{885,5353; 1025,989050; 1040,19919; 1050,6013}
DBG 20180612-08:58:47.833 [20] Sending mdata update - InstrumentId{317837590261}, TradingStatus{2}, DataQuality{1}, Bid{850,2400}, Ask{885,5352}, BidBook{850,2400; 750,26013; 105,15013}, AskBook{885,5352; 1025,989050; 1040,19919; 1050,6013}
DBG 20180612-08:58:47.833 [20] Sending mdata update - InstrumentId{317837590261}, TradingStatus{2}, DataQuality{1}, Bid{850,2400}, Ask{1025,989050}, BidBook{850,2400; 750,26013; 105,15013}, AskBook{1025,989050; 1040,19919; 1050,6013}
DBG 20180612-08:58:47.842 [19] Sending mdata update - InstrumentId{317837590261}, TradingStatus{2}, DataQuality{1}, Bid{850,2400}, Ask{1025,989050}, BidBook{850,2400; 750,26013; 105,15013}, AskBook{1025,989050; 1040,19919; 1050,6013}
DBG 20180612-08:58:47.842 [19] Sending mdata update - InstrumentId{317837590261}, TradingStatus{2}, DataQuality{1}, Bid{850,2400}, Ask{1025,989050}, BidBook{850,2400; 750,26013; 105,15013}, AskBook{1025,989050; 1040,19919; 1050,6013}
DBG 20180612-08:59:00.249 [20] Sending mdata update - InstrumentId{317837590261}, TradingStatus{2}, DataQuality{1}, Bid{850,2400}, Ask{885,1}, BidBook{850,2400; 750,26013; 105,15013}, AskBook{885,1; 1025,989050; 1040,19919; 1050,6013}
DBG 20180612-08:59:47.277 [18] Sending mdata update - InstrumentId{317837590261}, TradingStatus{2}, DataQuality{1}, Bid{850,4400}, Ask{885,1}, BidBook{850,4400; 750,26013; 105,15013}, AskBook{885,1; 1025,989050; 1040,19919; 1050,6013}
DBG 20180612-09:01:14.856 [19] Sending mdata update - InstrumentId{317837590261}, TradingStatus{2}, DataQuality{1}, Bid{884,75013}, Ask{885,1}, BidBook{884,75013; 850,4400; 750,26013; 105,15013}, AskBook{885,1; 1025,989050; 1040,19919; 1050,6013}
DBG 20180612-09:01:15.013 [22] Sending mdata update - InstrumentId{317837590261}, TradingStatus{2}, DataQuality{1}, Bid{884,77013}, Ask{885,1}, BidBook{884,77013; 850,2400; 750,26013; 105,15013}, AskBook{885,1; 1025,989050; 1040,19919; 1050,6013}
DBG 20180612-09:01:28.221 [19] Sending mdata update - InstrumentId{317837590261}, TradingStatus{2}, DataQuality{1}, Bid{884,77013}, Ask{1025,989050}, BidBook{884,77013; 850,2400; 750,26013; 105,15013}, AskBook{1025,989050; 1040,19919; 1050,6013}
DBG 20180612-09:01:28.378 [18] Sending mdata update - InstrumentId{317837590261}, TradingStatus{2}, DataQuality{1}, Bid{884,77013}, Ask{1025,991050}, BidBook{884,77013; 850,2400; 750,26013; 105,15013}, AskBook{1025,991050; 1040,19919; 1050,6013}
DBG 20180612-09:01:31.767 [19] Sending mdata update - InstrumentId{317837590261}, TradingStatus{2}, DataQuality{1}, Bid{885,2500}, Ask{1025,991050}, BidBook{885,2500; 884,77013; 850,2400; 750,26013; 105,15013}, AskBook{1025,991050; 1040,19919; 1050,6013}
DBG 20180612-09:01:31.924 [22] Sending mdata update - InstrumentId{317837590261}, TradingStatus{2}, DataQuality{1}, Bid{885,4500}, Ask{1025,991050}, BidBook{885,4500; 884,75013; 850,2400; 750,26013; 105,15013}, AskBook{1025,991050; 1040,19919; 1050,6013}
DBG 20180612-09:02:13.637 [19] Sending mdata update - InstrumentId{317837590261}, TradingStatus{2}, DataQuality{1}, Bid{885,4500}, Ask{890,1}, BidBook{885,4500; 884,75013; 850,2400; 750,26013; 105,15013}, AskBook{890,1; 1025,991050; 1040,19919; 1050,6013}
DBG 20180612-09:02:32.537 [18] Sending mdata update - InstrumentId{317837590261}, TradingStatus{2}, DataQuality{1}, Bid{889,75013}, Ask{890,1}, BidBook{889,75013; 885,4500; 850,2400; 750,26013; 105,15013}, AskBook{890,1; 1025,991050; 1040,19919; 1050,6013}
DBG 20180612-09:02:32.695 [21] Sending mdata update - InstrumentId{317837590261}, TradingStatus{2}, DataQuality{1}, Bid{889,77013}, Ask{890,1}, BidBook{889,77013; 885,2500; 850,2400; 750,26013; 105,15013}, AskBook{890,1; 1025,991050; 1040,19919; 1050,6013}
DBG 20180612-09:04:45.580 [18] Sending mdata update - InstrumentId{317837590261}, TradingStatus{2}, DataQuality{1}, Bid{889,77013}, Ask{890,1}, BidBook{889,77013; 850,2400; 750,26013; 105,15013}, AskBook{890,1; 1025,991050; 1040,19919; 1050,6013}
DBG 20180612-09:04:49.756 [19] Sending mdata update - InstrumentId{317837590261}, TradingStatus{2}, DataQuality{1}, Bid{889,77013}, Ask{1025,991050}, BidBook{889,77013; 850,2400; 750,26013; 105,15013}, AskBook{1025,991050; 1040,19919; 1050,6013}
DBG 20180612-09:04:49.758 [22] Sending mdata update - InstrumentId{317837590261}, TradingStatus{2}, DataQuality{1}, Bid{889,77013}, Ask{1025,991050}, BidBook{889,77013; 850,2400; 750,26013; 105,15013}, AskBook{1025,991050; 1040,19919; 1050,6013}
DBG 20180612-09:05:47.542 [19] Sending mdata update - InstrumentId{317837590261}, TradingStatus{2}, DataQuality{1}, Bid{890,6115}, Ask{1025,991050}, BidBook{890,6115; 889,77013; 850,2400; 750,26013; 105,15013}, AskBook{1025,991050; 1040,19919; 1050,6013}
DBG 20180612-09:05:47.700 [18] Sending mdata update - InstrumentId{317837590261}, TradingStatus{2}, DataQuality{1}, Bid{890,8115}, Ask{1025,991050}, BidBook{890,8115; 889,75013; 850,2400; 750,26013; 105,15013}, AskBook{1025,991050; 1040,19919; 1050,6013}
DBG 20180612-09:06:02.390 [20] Sending mdata update - InstrumentId{317837590261}, TradingStatus{2}, DataQuality{1}, Bid{890,33115}, Ask{1025,991050}, BidBook{890,33115; 889,75013; 850,2400; 750,26013; 105,15013}, AskBook{1025,991050; 1040,19919; 1050,6013}
DBG 20180612-09:09:03.284 [20] Sending mdata update - InstrumentId{317837590261}, TradingStatus{2}, DataQuality{1}, Bid{891,75013}, Ask{1025,991050}, BidBook{891,75013; 890,33115; 850,2400; 750,26013; 105,15013}, AskBook{1025,991050; 1040,19919; 1050,6013}
DBG 20180612-09:09:03.442 [20] Sending mdata update - InstrumentId{317837590261}, TradingStatus{2}, DataQuality{1}, Bid{891,77013}, Ask{1025,991050}, BidBook{891,77013; 890,31115; 850,2400; 750,26013; 105,15013}, AskBook{1025,991050; 1040,19919; 1050,6013}
DBG 20180612-09:09:42.793 [21] Sending mdata update - InstrumentId{317837590261}, TradingStatus{2}, DataQuality{1}, Bid{891,73013}, Ask{1025,991050}, BidBook{891,73013; 890,31115; 850,2400; 750,26013; 105,15013}, AskBook{1025,991050; 1040,19919; 1050,6013}
DBG 20180612-09:09:42.802 [19] Sending mdata update - InstrumentId{317837590261}, TradingStatus{2}, DataQuality{1}, Bid{891,73013}, Ask{1025,991050}, BidBook{891,73013; 890,31115; 850,2400; 750,26013; 105,15013}, AskBook{1025,991050; 1040,19919; 1050,6013}
DBG 20180612-09:09:53.488 [18] Sending mdata update - InstrumentId{317837590261}, TradingStatus{2}, DataQuality{1}, Bid{892,6115}, Ask{1025,991050}, BidBook{892,6115; 891,73013; 890,31115; 850,2400; 750,26013; 105,15013}, AskBook{1025,991050; 1040,19919; 1050,6013}
DBG 20180612-09:09:53.488 [18] Sending mdata update - InstrumentId{317837590261}, TradingStatus{2}, DataQuality{1}, Bid{892,6115}, Ask{1025,991050}, BidBook{892,6115; 891,73013; 890,25013; 850,2400; 750,26013; 105,15013}, AskBook{1025,991050; 1040,19919; 1050,6013}
DBG 20180612-09:09:53.650 [20] Sending mdata update - InstrumentId{317837590261}, TradingStatus{2}, DataQuality{1}, Bid{892,8115}, Ask{1025,991050}, BidBook{892,8115; 891,71013; 890,25013; 850,2400; 750,26013; 105,15013}, AskBook{1025,991050; 1040,19919; 1050,6013}
DBG 20180612-09:10:10.471 [21] Sending mdata update - InstrumentId{317837590261}, TradingStatus{2}, DataQuality{1}, Bid{893,71013}, Ask{1025,991050}, BidBook{893,71013; 892,8115; 890,25013; 850,2400; 750,26013; 105,15013}, AskBook{1025,991050; 1040,19919; 1050,6013}
DBG 20180612-09:10:10.628 [22] Sending mdata update - InstrumentId{317837590261}, TradingStatus{2}, DataQuality{1}, Bid{893,73013}, Ask{1025,991050}, BidBook{893,73013; 892,6115; 890,25013; 850,2400; 750,26013; 105,15013}, AskBook{1025,991050; 1040,19919; 1050,6013}
DBG 20180612-09:10:57.452 [19] Sending mdata update - InstrumentId{317837590261}, TradingStatus{2}, DataQuality{1}, Bid{893,73013}, Ask{1025,991050}, BidBook{893,73013; 890,25013; 850,2400; 750,26013; 105,15013}, AskBook{1025,991050; 1040,19919; 1050,6013}
DBG 20180612-09:10:57.564 [18] Sending mdata update - InstrumentId{317837590261}, TradingStatus{2}, DataQuality{1}, Bid{894,6115}, Ask{1025,991050}, BidBook{894,6115; 893,73013; 890,25013; 850,2400; 750,26013; 105,15013}, AskBook{1025,991050; 1040,19919; 1050,6013}
DBG 20180612-09:10:57.722 [19] Sending mdata update - InstrumentId{317837590261}, TradingStatus{2}, DataQuality{1}, Bid{894,8115}, Ask{1025,991050}, BidBook{894,8115; 893,71013; 890,25013; 850,2400; 750,26013; 105,15013}, AskBook{1025,991050; 1040,19919; 1050,6013}
DBG 20180612-09:13:13.466 [20] Sending mdata update - InstrumentId{317837590261}, TradingStatus{2}, DataQuality{1}, Bid{894,8115}, Ask{920,1}, BidBook{894,8115; 893,71013; 890,25013; 850,2400; 750,26013; 105,15013}, AskBook{920,1; 1025,991050; 1040,19919; 1050,6013}
DBG 20180612-09:13:19.895 [22] Sending mdata update - InstrumentId{317837590261}, TradingStatus{2}, DataQuality{1}, Bid{894,8115}, Ask{1025,991050}, BidBook{894,8115; 893,71013; 890,25013; 850,2400; 750,26013; 105,15013}, AskBook{1025,991050; 1040,19919; 1050,6013}
DBG 20180612-09:14:06.776 [21] Sending mdata update - InstrumentId{317837590261}, TradingStatus{2}, DataQuality{1}, Bid{894,8115}, Ask{1025,991050}, BidBook{894,8115; 893,71013; 891,25013; 850,2400; 750,26013; 105,15013}, AskBook{1025,991050; 1040,19919; 1050,6013}
DBG 20180612-09:14:06.940 [18] Sending mdata update - InstrumentId{317837590261}, TradingStatus{2}, DataQuality{1}, Bid{894,8115}, Ask{1025,991050}, BidBook{894,8115; 893,71013; 892,25013; 850,2400; 750,26013; 105,15013}, AskBook{1025,991050; 1040,19919; 1050,6013}
DBG 20180612-09:14:07.129 [21] Sending mdata update - InstrumentId{317837590261}, TradingStatus{2}, DataQuality{1}, Bid{894,8115}, Ask{1025,991050}, BidBook{894,8115; 893,96013; 850,2400; 750,26013; 105,15013}, AskBook{1025,991050; 1040,19919; 1050,6013}
DBG 20180612-09:14:07.276 [22] Sending mdata update - InstrumentId{317837590261}, TradingStatus{2}, DataQuality{1}, Bid{894,33115}, Ask{1025,991050}, BidBook{894,33115; 893,71013; 850,2400; 750,26013; 105,15013}, AskBook{1025,991050; 1040,19919; 1050,6013}
DBG 20180612-09:14:07.418 [18] Sending mdata update - InstrumentId{317837590261}, TradingStatus{2}, DataQuality{1}, Bid{895,25013}, Ask{1025,991050}, BidBook{895,25013; 894,8115; 893,71013; 850,2400; 750,26013; 105,15013}, AskBook{1025,991050; 1040,19919; 1050,6013}
DBG 20180612-09:14:07.576 [21] Sending mdata update - InstrumentId{317837590261}, TradingStatus{2}, DataQuality{1}, Bid{895,27013}, Ask{1025,991050}, BidBook{895,27013; 894,6115; 893,71013; 850,2400; 750,26013; 105,15013}, AskBook{1025,991050; 1040,19919; 1050,6013}
DBG 20180612-09:14:10.437 [20] Sending mdata update - InstrumentId{317837590261}, TradingStatus{2}, DataQuality{1}, Bid{895,27013}, Ask{1025,991050}, BidBook{895,27013; 893,71013; 850,2400; 750,26013; 105,15013}, AskBook{1025,991050; 1040,19919; 1050,6013}
DBG 20180612-09:14:10.453 [22] Sending mdata update - InstrumentId{317837590261}, TradingStatus{2}, DataQuality{1}, Bid{896,6115}, Ask{1025,991050}, BidBook{896,6115; 895,27013; 893,71013; 850,2400; 750,26013; 105,15013}, AskBook{1025,991050; 1040,19919; 1050,6013}
DBG 20180612-09:14:10.614 [20] Sending mdata update - InstrumentId{317837590261}, TradingStatus{2}, DataQuality{1}, Bid{896,8115}, Ask{1025,991050}, BidBook{896,8115; 895,25013; 893,71013; 850,2400; 750,26013; 105,15013}, AskBook{1025,991050; 1040,19919; 1050,6013}
DBG 20180612-09:14:13.511 [21] Sending mdata update - InstrumentId{317837590261}, TradingStatus{2}, DataQuality{1}, Bid{896,33115}, Ask{1025,991050}, BidBook{896,33115; 893,71013; 850,2400; 750,26013; 105,15013}, AskBook{1025,991050; 1040,19919; 1050,6013}
DBG 20180612-09:14:14.145 [20] Sending mdata update - InstrumentId{317837590261}, TradingStatus{2}, DataQuality{1}, Bid{897,25013}, Ask{1025,991050}, BidBook{897,25013; 896,8115; 893,71013; 850,2400; 750,26013; 105,15013}, AskBook{1025,991050; 1040,19919; 1050,6013}
DBG 20180612-09:14:14.302 [21] Sending mdata update - InstrumentId{317837590261}, TradingStatus{2}, DataQuality{1}, Bid{897,27013}, Ask{1025,991050}, BidBook{897,27013; 896,6115; 893,71013; 850,2400; 750,26013; 105,15013}, AskBook{1025,991050; 1040,19919; 1050,6013}
DBG 20180612-09:15:07.464 [20] Sending mdata update - InstrumentId{317837590261}, TradingStatus{2}, DataQuality{1}, Bid{897,27013}, Ask{1025,991050}, BidBook{897,27013; 893,71013; 850,2400; 750,26013; 105,15013}, AskBook{1025,991050; 1040,19919; 1050,6013}
DBG 20180612-09:15:07.576 [20] Sending mdata update - InstrumentId{317837590261}, TradingStatus{2}, DataQuality{1}, Bid{898,6115}, Ask{1025,991050}, BidBook{898,6115; 897,27013; 893,71013; 850,2400; 750,26013; 105,15013}, AskBook{1025,991050; 1040,19919; 1050,6013}
DBG 20180612-09:15:07.734 [20] Sending mdata update - InstrumentId{317837590261}, TradingStatus{2}, DataQuality{1}, Bid{898,8115}, Ask{1025,991050}, BidBook{898,8115; 897,25013; 893,71013; 850,2400; 750,26013; 105,15013}, AskBook{1025,991050; 1040,19919; 1050,6013}
DBG 20180612-09:15:19.459 [18] Sending mdata update - InstrumentId{317837590261}, TradingStatus{2}, DataQuality{1}, Bid{899,71013}, Ask{1025,991050}, BidBook{899,71013; 898,8115; 897,25013; 850,2400; 750,26013; 105,15013}, AskBook{1025,991050; 1040,19919; 1050,6013}
DBG 20180612-09:15:19.616 [22] Sending mdata update - InstrumentId{317837590261}, TradingStatus{2}, DataQuality{1}, Bid{899,73013}, Ask{1025,991050}, BidBook{899,73013; 898,6115; 897,25013; 850,2400; 750,26013; 105,15013}, AskBook{1025,991050; 1040,19919; 1050,6013}
DBG 20180612-09:15:25.969 [22] Sending mdata update - InstrumentId{317837590261}, TradingStatus{2}, DataQuality{1}, Bid{899,73013}, Ask{1025,991050}, BidBook{899,73013; 898,31115; 850,2400; 750,26013; 105,15013}, AskBook{1025,991050; 1040,19919; 1050,6013}
DBG 20180612-09:15:26.146 [22] Sending mdata update - InstrumentId{317837590261}, TradingStatus{2}, DataQuality{1}, Bid{899,98013}, Ask{1025,991050}, BidBook{899,98013; 898,6115; 850,2400; 750,26013; 105,15013}, AskBook{1025,991050; 1040,19919; 1050,6013}
DBG 20180612-09:15:26.330 [22] Sending mdata update - InstrumentId{317837590261}, TradingStatus{2}, DataQuality{1}, Bid{900,25013}, Ask{1025,991050}, BidBook{900,25013; 899,73013; 898,6115; 850,2400; 750,26013; 105,15013}, AskBook{1025,991050; 1040,19919; 1050,6013}
DBG 20180612-09:15:26.488 [22] Sending mdata update - InstrumentId{317837590261}, TradingStatus{2}, DataQuality{1}, Bid{900,27013}, Ask{1025,991050}, BidBook{900,27013; 899,71013; 898,6115; 850,2400; 750,26013; 105,15013}, AskBook{1025,991050; 1040,19919; 1050,6013}
DBG 20180612-09:15:26.528 [19] Sending mdata update - InstrumentId{317837590261}, TradingStatus{2}, DataQuality{1}, Bid{901,25013}, Ask{1025,991050}, BidBook{901,25013; 900,2013; 899,71013; 898,6115; 850,2400; 750,26013; 105,15013}, AskBook{1025,991050; 1040,19919; 1050,6013}
DBG 20180612-09:15:26.686 [21] Sending mdata update - InstrumentId{317837590261}, TradingStatus{2}, DataQuality{1}, Bid{901,27013}, Ask{1025,991050}, BidBook{901,27013; 899,71013; 898,6115; 850,2400; 750,26013; 105,15013}, AskBook{1025,991050; 1040,19919; 1050,6013}
DBG 20180612-09:16:06.425 [22] Sending mdata update - InstrumentId{317837590261}, TradingStatus{2}, DataQuality{1}, Bid{902,6115}, Ask{1025,991050}, BidBook{902,6115; 901,27013; 899,71013; 898,6115; 850,2400; 750,26013; 105,15013}, AskBook{1025,991050; 1040,19919; 1050,6013}
DBG 20180612-09:16:06.569 [20] Sending mdata update - InstrumentId{317837590261}, TradingStatus{2}, DataQuality{1}, Bid{902,6115}, Ask{1025,991050}, BidBook{902,6115; 901,27013; 899,71013; 850,2400; 750,26013; 105,15013}, AskBook{1025,991050; 1040,19919; 1050,6013}
DBG 20180612-09:16:06.583 [21] Sending mdata update - InstrumentId{317837590261}, TradingStatus{2}, DataQuality{1}, Bid{902,8115}, Ask{1025,991050}, BidBook{902,8115; 901,25013; 899,71013; 850,2400; 750,26013; 105,15013}, AskBook{1025,991050; 1040,19919; 1050,6013}
DBG 20180612-09:16:31.362 [20] Sending mdata update - InstrumentId{317837590261}, TradingStatus{2}, DataQuality{1}, Bid{903,71013}, Ask{1025,991050}, BidBook{903,71013; 902,8115; 901,25013; 850,2400; 750,26013; 105,15013}, AskBook{1025,991050; 1040,19919; 1050,6013}
DBG 20180612-09:16:31.520 [19] Sending mdata update - InstrumentId{317837590261}, TradingStatus{2}, DataQuality{1}, Bid{903,73013}, Ask{1025,991050}, BidBook{903,73013; 902,6115; 901,25013; 850,2400; 750,26013; 105,15013}, AskBook{1025,991050; 1040,19919; 1050,6013}
DBG 20180612-09:17:01.460 [18] Sending mdata update - InstrumentId{317837590261}, TradingStatus{2}, DataQuality{1}, Bid{903,73013}, Ask{1025,991050}, BidBook{903,73013; 901,25013; 850,2400; 750,26013; 105,15013}, AskBook{1025,991050; 1040,19919; 1050,6013}
DBG 20180612-09:17:01.518 [20] Sending mdata update - InstrumentId{317837590261}, TradingStatus{2}, DataQuality{1}, Bid{904,6115}, Ask{1025,991050}, BidBook{904,6115; 903,73013; 901,25013; 850,2400; 750,26013; 105,15013}, AskBook{1025,991050; 1040,19919; 1050,6013}
DBG 20180612-09:17:01.676 [21] Sending mdata update - InstrumentId{317837590261}, TradingStatus{2}, DataQuality{1}, Bid{904,8115}, Ask{1025,991050}, BidBook{904,8115; 903,71013; 901,25013; 850,2400; 750,26013; 105,15013}, AskBook{1025,991050; 1040,19919; 1050,6013}
DBG 20180612-09:17:27.778 [22] Sending mdata update - InstrumentId{317837590261}, TradingStatus{2}, DataQuality{1}, Bid{904,8115}, Ask{1000,5353}, BidBook{904,8115; 903,71013; 901,25013; 850,2400; 750,26013; 105,15013}, AskBook{1000,5353; 1025,991050; 1040,19919; 1050,6013}
DBG 20180612-09:17:27.936 [22] Sending mdata update - InstrumentId{317837590261}, TradingStatus{2}, DataQuality{1}, Bid{904,8115}, Ask{1000,7353}, BidBook{904,8115; 903,71013; 901,25013; 850,2400; 750,26013; 105,15013}, AskBook{1000,7353; 1025,989050; 1040,19919; 1050,6013}
DBG 20180612-09:17:47.402 [19] Sending mdata update - InstrumentId{317837590261}, TradingStatus{2}, DataQuality{1}, Bid{904,8115}, Ask{1000,2013}, BidBook{904,8115; 903,71013; 901,25013; 850,2400; 750,26013; 105,15013}, AskBook{1000,2013; 1025,989050; 1040,19919; 1050,6013}
DBG 20180612-09:18:10.431 [19] Sending mdata update - InstrumentId{317837590261}, TradingStatus{2}, DataQuality{1}, Bid{995,1}, Ask{1000,2013}, BidBook{995,1; 904,8115; 903,71013; 901,25013; 850,2400; 750,26013; 105,15013}, AskBook{1000,2013; 1025,989050; 1040,19919; 1050,6013}
DBG 20180612-09:19:03.614 [22] Sending mdata update - InstrumentId{317837590261}, TradingStatus{2}, DataQuality{1}, Bid{995,1}, Ask{1000,2013}, BidBook{995,1; 904,2013; 903,71013; 901,25013; 850,2400; 750,26013; 105,15013}, AskBook{1000,2013; 1025,989050; 1040,19919; 1050,6013}
DBG 20180612-09:19:21.712 [20] Sending mdata update - InstrumentId{317837590261}, TradingStatus{2}, DataQuality{1}, Bid{995,1}, Ask{1000,2013}, BidBook{995,1; 904,2013; 903,71013; 900,25013; 850,2400; 750,26013; 105,15013}, AskBook{1000,2013; 1025,989050; 1040,19919; 1050,6013}
DBG 20180612-09:20:57.362 [22] Sending mdata update - InstrumentId{317837590261}, TradingStatus{2}, DataQuality{1}, Bid{994,1}, Ask{1000,2013}, BidBook{994,1; 904,2013; 903,71013; 900,25013; 850,2400; 750,26013; 105,15013}, AskBook{1000,2013; 1025,989050; 1040,19919; 1050,6013}
DBG 20180612-09:20:57.823 [20] Sending mdata update - InstrumentId{317837590261}, TradingStatus{2}, DataQuality{1}, Bid{993,1}, Ask{1000,2013}, BidBook{993,1; 904,2013; 903,71013; 900,25013; 850,2400; 750,26013; 105,15013}, AskBook{1000,2013; 1025,989050; 1040,19919; 1050,6013}
DBG 20180612-09:20:58.113 [19] Sending mdata update - InstrumentId{317837590261}, TradingStatus{2}, DataQuality{1}, Bid{992,1}, Ask{1000,2013}, BidBook{992,1; 904,2013; 903,71013; 900,25013; 850,2400; 750,26013; 105,15013}, AskBook{1000,2013; 1025,989050; 1040,19919; 1050,6013}
DBG 20180612-09:20:58.323 [20] Sending mdata update - InstrumentId{317837590261}, TradingStatus{2}, DataQuality{1}, Bid{991,1}, Ask{1000,2013}, BidBook{991,1; 904,2013; 903,71013; 900,25013; 850,2400; 750,26013; 105,15013}, AskBook{1000,2013; 1025,989050; 1040,19919; 1050,6013}
DBG 20180612-09:20:58.613 [19] Sending mdata update - InstrumentId{317837590261}, TradingStatus{2}, DataQuality{1}, Bid{990,1}, Ask{1000,2013}, BidBook{990,1; 904,2013; 903,71013; 900,25013; 850,2400; 750,26013; 105,15013}, AskBook{1000,2013; 1025,989050; 1040,19919; 1050,6013}
DBG 20180612-09:20:58.982 [19] Sending mdata update - InstrumentId{317837590261}, TradingStatus{2}, DataQuality{1}, Bid{989,1}, Ask{1000,2013}, BidBook{989,1; 904,2013; 903,71013; 900,25013; 850,2400; 750,26013; 105,15013}, AskBook{1000,2013; 1025,989050; 1040,19919; 1050,6013}
DBG 20180612-09:20:59.257 [18] Sending mdata update - InstrumentId{317837590261}, TradingStatus{2}, DataQuality{1}, Bid{988,1}, Ask{1000,2013}, BidBook{988,1; 904,2013; 903,71013; 900,25013; 850,2400; 750,26013; 105,15013}, AskBook{1000,2013; 1025,989050; 1040,19919; 1050,6013}
DBG 20180612-09:20:59.387 [22] Sending mdata update - InstrumentId{317837590261}, TradingStatus{2}, DataQuality{1}, Bid{987,1}, Ask{1000,2013}, BidBook{987,1; 904,2013; 903,71013; 900,25013; 850,2400; 750,26013; 105,15013}, AskBook{1000,2013; 1025,989050; 1040,19919; 1050,6013}
DBG 20180612-09:20:59.884 [20] Sending mdata update - InstrumentId{317837590261}, TradingStatus{2}, DataQuality{1}, Bid{986,1}, Ask{1000,2013}, BidBook{986,1; 904,2013; 903,71013; 900,25013; 850,2400; 750,26013; 105,15013}, AskBook{1000,2013; 1025,989050; 1040,19919; 1050,6013}
DBG 20180612-09:21:00.132 [18] Sending mdata update - InstrumentId{317837590261}, TradingStatus{2}, DataQuality{1}, Bid{985,1}, Ask{1000,2013}, BidBook{985,1; 904,2013; 903,71013; 900,25013; 850,2400; 750,26013; 105,15013}, AskBook{1000,2013; 1025,989050; 1040,19919; 1050,6013}
DBG 20180612-09:21:01.953 [19] Sending mdata update - InstrumentId{317837590261}, TradingStatus{2}, DataQuality{1}, Bid{986,1}, Ask{1000,2013}, BidBook{986,1; 904,2013; 903,71013; 900,25013; 850,2400; 750,26013; 105,15013}, AskBook{1000,2013; 1025,989050; 1040,19919; 1050,6013}
DBG 20180612-09:21:02.121 [19] Sending mdata update - InstrumentId{317837590261}, TradingStatus{2}, DataQuality{1}, Bid{987,1}, Ask{1000,2013}, BidBook{987,1; 904,2013; 903,71013; 900,25013; 850,2400; 750,26013; 105,15013}, AskBook{1000,2013; 1025,989050; 1040,19919; 1050,6013}
DBG 20180612-09:21:02.603 [22] Sending mdata update - InstrumentId{317837590261}, TradingStatus{2}, DataQuality{1}, Bid{988,1}, Ask{1000,2013}, BidBook{988,1; 904,2013; 903,71013; 900,25013; 850,2400; 750,26013; 105,15013}, AskBook{1000,2013; 1025,989050; 1040,19919; 1050,6013}
DBG 20180612-09:21:02.718 [20] Sending mdata update - InstrumentId{317837590261}, TradingStatus{2}, DataQuality{1}, Bid{989,1}, Ask{1000,2013}, BidBook{989,1; 904,2013; 903,71013; 900,25013; 850,2400; 750,26013; 105,15013}, AskBook{1000,2013; 1025,989050; 1040,19919; 1050,6013}
DBG 20180612-09:21:05.145 [21] Sending mdata update - InstrumentId{317837590261}, TradingStatus{2}, DataQuality{1}, Bid{904,2013}, Ask{1000,2013}, BidBook{904,2013; 903,71013; 900,25013; 850,2400; 750,26013; 105,15013}, AskBook{1000,2013; 1025,989050; 1040,19919; 1050,6013}
DBG 20180612-09:21:08.585 [19] Sending mdata update - InstrumentId{317837590261}, TradingStatus{2}, DataQuality{1}, Bid{905,6115}, Ask{1000,2013}, BidBook{905,6115; 904,2013; 903,71013; 900,25013; 850,2400; 750,26013; 105,15013}, AskBook{1000,2013; 1025,989050; 1040,19919; 1050,6013}
DBG 20180612-09:21:08.772 [20] Sending mdata update - InstrumentId{317837590261}, TradingStatus{2}, DataQuality{1}, Bid{905,8115}, Ask{1000,2013}, BidBook{905,8115; 903,71013; 900,25013; 850,2400; 750,26013; 105,15013}, AskBook{1000,2013; 1025,989050; 1040,19919; 1050,6013}
DBG 20180612-09:21:23.831 [19] Sending mdata update - InstrumentId{317837590261}, TradingStatus{2}, DataQuality{1}, Bid{905,8115}, Ask{999,5353}, BidBook{905,8115; 903,71013; 900,25013; 850,2400; 750,26013; 105,15013}, AskBook{999,5353; 1000,2013; 1025,989050; 1040,19919; 1050,6013}
DBG 20180612-09:21:23.989 [22] Sending mdata update - InstrumentId{317837590261}, TradingStatus{2}, DataQuality{1}, Bid{905,8115}, Ask{999,7353}, BidBook{905,8115; 903,71013; 900,25013; 850,2400; 750,26013; 105,15013}, AskBook{999,7353; 1025,989050; 1040,19919; 1050,6013}
DBG 20180612-09:23:16.947 [21] Sending mdata update - InstrumentId{317837590261}, TradingStatus{2}, DataQuality{1}, Bid{905,8115}, Ask{999,7353}, BidBook{905,8115; 903,71013; 850,2400; 750,26013; 105,15013}, AskBook{999,7353; 1025,989050; 1040,19919; 1050,6013}
DBG 20180612-09:27:01.811 [20] Sending mdata update - InstrumentId{317837590261}, TradingStatus{2}, DataQuality{1}, Bid{905,8115}, Ask{999,7353}, BidBook{905,8115; 891,71013; 850,2400; 750,26013; 105,15013}, AskBook{999,7353; 1025,989050; 1040,19919; 1050,6013}
DBG 20180612-09:28:42.487 [19] Sending mdata update - InstrumentId{317837590261}, TradingStatus{2}, DataQuality{1}, Bid{905,8115}, Ask{950,1}, BidBook{905,8115; 891,71013; 850,2400; 750,26013; 105,15013}, AskBook{950,1; 999,7353; 1025,989050; 1040,19919; 1050,6013}
DBG 20180612-09:28:42.644 [21] Sending mdata update - InstrumentId{317837590261}, TradingStatus{2}, DataQuality{1}, Bid{905,8115}, Ask{950,2001}, BidBook{905,8115; 891,71013; 850,2400; 750,26013; 105,15013}, AskBook{950,2001; 999,5353; 1025,989050; 1040,19919; 1050,6013}
DBG 20180612-09:28:43.805 [20] Sending mdata update - InstrumentId{317837590261}, TradingStatus{2}, DataQuality{1}, Bid{905,8115}, Ask{950,2001}, BidBook{905,8115; 891,71013; 850,2400; 750,26013; 105,15013}, AskBook{950,2001; 999,5353; 1024,3474; 1025,989050; 1040,19919; 1050,6013}
DBG 20180612-09:28:50.307 [18] Sending mdata update - InstrumentId{317837590261}, TradingStatus{2}, DataQuality{1}, Bid{905,8115}, Ask{935,1}, BidBook{905,8115; 891,71013; 850,2400; 750,26013; 105,15013}, AskBook{935,1; 950,2001; 999,5353; 1024,3474; 1025,989050; 1040,19919; 1050,6013}
DBG 20180612-09:28:57.888 [18] Sending mdata update - InstrumentId{317837590261}, TradingStatus{2}, DataQuality{1}, Bid{905,8115}, Ask{950,2001}, BidBook{905,8115; 891,71013; 850,2400; 750,26013; 105,15013}, AskBook{950,2001; 999,5353; 1024,3474; 1025,989050; 1040,19919; 1050,6013}
DBG 20180612-09:29:27.648 [21] Sending mdata update - InstrumentId{317837590261}, TradingStatus{2}, DataQuality{1}, Bid{905,8115}, Ask{940,1}, BidBook{905,8115; 891,71013; 850,2400; 750,26013; 105,15013}, AskBook{940,1; 950,2001; 999,5353; 1024,3474; 1025,989050; 1040,19919; 1050,6013}
DBG 20180612-09:29:35.538 [19] Sending mdata update - InstrumentId{317837590261}, TradingStatus{2}, DataQuality{1}, Bid{905,8115}, Ask{950,2001}, BidBook{905,8115; 891,71013; 850,2400; 750,26013; 105,15013}, AskBook{950,2001; 999,5353; 1024,3474; 1025,989050; 1040,19919; 1050,6013}
DBG 20180612-09:29:39.440 [18] Sending mdata update - InstrumentId{317837590261}, TradingStatus{2}, DataQuality{1}, Bid{905,8115}, Ask{950,2013}, BidBook{905,8115; 891,71013; 850,2400; 750,26013; 105,15013}, AskBook{950,2013; 999,5353; 1024,3474; 1025,989050; 1040,19919; 1050,6013}
DBG 20180612-09:33:10.946 [20] Sending mdata update - InstrumentId{317837590261}, TradingStatus{2}, DataQuality{1}, Bid{905,6095}, Ask{950,2013}, BidBook{905,6095; 891,71013; 850,2400; 750,26013; 105,15013}, AskBook{950,2013; 999,5353; 1024,3474; 1025,989050; 1040,19919; 1050,6013}
DBG 20180612-09:33:10.967 [20] Sending mdata update - InstrumentId{317837590261}, TradingStatus{2}, DataQuality{1}, Bid{905,6095}, Ask{950,2013}, BidBook{905,6095; 891,71013; 850,2400; 750,26013; 105,15013}, AskBook{950,2013; 999,5353; 1024,3474; 1025,989050; 1040,19919; 1050,6013}
DBG 20180612-09:34:50.752 [19] Sending mdata update - InstrumentId{317837590261}, TradingStatus{2}, DataQuality{1}, Bid{910,2200}, Ask{950,2013}, BidBook{910,2200; 905,6095; 891,71013; 850,2400; 750,26013; 105,15013}, AskBook{950,2013; 999,5353; 1024,3474; 1025,989050; 1040,19919; 1050,6013}
DBG 20180612-09:34:50.910 [20] Sending mdata update - InstrumentId{317837590261}, TradingStatus{2}, DataQuality{1}, Bid{910,4200}, Ask{950,2013}, BidBook{910,4200; 905,4095; 891,71013; 850,2400; 750,26013; 105,15013}, AskBook{950,2013; 999,5353; 1024,3474; 1025,989050; 1040,19919; 1050,6013}
DBG 20180612-09:34:51.963 [21] Sending mdata update - InstrumentId{317837590261}, TradingStatus{2}, DataQuality{1}, Bid{910,4200}, Ask{950,2013}, BidBook{910,4200; 905,4095; 892,8746; 891,71013; 850,2400; 750,26013; 105,15013}, AskBook{950,2013; 999,5353; 1024,3474; 1025,989050; 1040,19919; 1050,6013}
DBG 20180612-09:34:54.483 [18] Sending mdata update - InstrumentId{317837590261}, TradingStatus{2}, DataQuality{1}, Bid{911,4095}, Ask{950,2013}, BidBook{911,4095; 910,4200; 905,4095; 892,8746; 891,71013; 850,2400; 750,26013; 105,15013}, AskBook{950,2013; 999,5353; 1024,3474; 1025,989050; 1040,19919; 1050,6013}
DBG 20180612-09:34:54.594 [22] Sending mdata update - InstrumentId{317837590261}, TradingStatus{2}, DataQuality{1}, Bid{911,4095}, Ask{950,2013}, BidBook{911,4095; 910,4200; 892,8746; 891,71013; 850,2400; 750,26013; 105,15013}, AskBook{950,2013; 999,5353; 1024,3474; 1025,989050; 1040,19919; 1050,6013}
DBG 20180612-09:34:54.649 [19] Sending mdata update - InstrumentId{317837590261}, TradingStatus{2}, DataQuality{1}, Bid{911,4095}, Ask{950,2013}, BidBook{911,4095; 910,4200; 891,71013; 850,2400; 750,26013; 105,15013}, AskBook{950,2013; 999,5353; 1024,3474; 1025,989050; 1040,19919; 1050,6013}
DBG 20180612-09:34:56.149 [18] Sending mdata update - InstrumentId{317837590261}, TradingStatus{2}, DataQuality{1}, Bid{911,4095}, Ask{950,2013}, BidBook{911,4095; 910,4200; 892,8746; 891,71013; 850,2400; 750,26013; 105,15013}, AskBook{950,2013; 999,5353; 1024,3474; 1025,989050; 1040,19919; 1050,6013}
DBG 20180612-09:35:04.008 [20] Sending mdata update - InstrumentId{317837590261}, TradingStatus{2}, DataQuality{1}, Bid{911,4095}, Ask{950,2013}, BidBook{911,4095; 910,4200; 892,8746; 850,2400; 750,26013; 105,15013}, AskBook{950,2013; 999,5353; 1024,3474; 1025,989050; 1040,19919; 1050,6013}
DBG 20180612-09:35:04.273 [22] Sending mdata update - InstrumentId{317837590261}, TradingStatus{2}, DataQuality{1}, Bid{911,4095}, Ask{950,2013}, BidBook{911,4095; 910,4200; 850,2400; 750,26013; 105,15013}, AskBook{950,2013; 999,5353; 1024,3474; 1025,989050; 1040,19919; 1050,6013}
DBG 20180612-09:35:09.264 [22] Sending mdata update - InstrumentId{317837590261}, TradingStatus{2}, DataQuality{1}, Bid{912,10013}, Ask{950,2013}, BidBook{912,10013; 911,4095; 910,4200; 850,2400; 750,26013; 105,15013}, AskBook{950,2013; 999,5353; 1024,3474; 1025,989050; 1040,19919; 1050,6013}
DBG 20180612-09:35:54.490 [20] Sending mdata update - InstrumentId{317837590261}, TradingStatus{2}, DataQuality{1}, Bid{913,4095}, Ask{950,2013}, BidBook{913,4095; 912,10013; 911,4095; 910,4200; 850,2400; 750,26013; 105,15013}, AskBook{950,2013; 999,5353; 1024,3474; 1025,989050; 1040,19919; 1050,6013}
DBG 20180612-09:35:54.490 [21] Sending mdata update - InstrumentId{317837590261}, TradingStatus{2}, DataQuality{1}, Bid{913,4095}, Ask{950,2013}, BidBook{913,4095; 912,10013; 910,4200; 850,2400; 750,26013; 105,15013}, AskBook{950,2013; 999,5353; 1024,3474; 1025,989050; 1040,19919; 1050,6013}
DBG 20180612-09:36:17.057 [21] Sending mdata update - InstrumentId{317837590261}, TradingStatus{2}, DataQuality{1}, Bid{913,4095}, Ask{950,2013}, BidBook{913,4095; 912,10013; 910,2013; 850,2400; 750,26013; 105,15013}, AskBook{950,2013; 999,5353; 1024,3474; 1025,989050; 1040,19919; 1050,6013}
DBG 20180612-09:36:56.199 [18] Sending mdata update - InstrumentId{317837590261}, TradingStatus{2}, DataQuality{1}, Bid{913,4095}, Ask{950,2013}, BidBook{913,4095; 911,10013; 910,2013; 850,2400; 750,26013; 105,15013}, AskBook{950,2013; 999,5353; 1024,3474; 1025,989050; 1040,19919; 1050,6013}
DBG 20180612-09:37:51.468 [21] Sending mdata update - InstrumentId{317837590261}, TradingStatus{2}, DataQuality{1}, Bid{925,2200}, Ask{950,2013}, BidBook{925,2200; 913,4095; 911,10013; 910,2013; 850,2400; 750,26013; 105,15013}, AskBook{950,2013; 999,5353; 1024,3474; 1025,989050; 1040,19919; 1050,6013}
DBG 20180612-09:37:56.434 [22] Sending mdata update - InstrumentId{317837590261}, TradingStatus{2}, DataQuality{1}, Bid{926,4095}, Ask{950,2013}, BidBook{926,4095; 925,2200; 913,4095; 911,10013; 910,2013; 850,2400; 750,26013; 105,15013}, AskBook{950,2013; 999,5353; 1024,3474; 1025,989050; 1040,19919; 1050,6013}
DBG 20180612-09:37:56.531 [22] Sending mdata update - InstrumentId{317837590261}, TradingStatus{2}, DataQuality{1}, Bid{926,4095}, Ask{950,2013}, BidBook{926,4095; 925,2200; 911,10013; 910,2013; 850,2400; 750,26013; 105,15013}, AskBook{950,2013; 999,5353; 1024,3474; 1025,989050; 1040,19919; 1050,6013}
DBG 20180612-09:38:38.021 [22] Sending mdata update - InstrumentId{317837590261}, TradingStatus{2}, DataQuality{1}, Bid{926,4095}, Ask{950,2013}, BidBook{926,4095; 911,10013; 910,2013; 850,2400; 750,26013; 105,15013}, AskBook{950,2013; 999,5353; 1024,3474; 1025,989050; 1040,19919; 1050,6013}
DBG 20180612-09:38:44.753 [20] Sending mdata update - InstrumentId{317837590261}, TradingStatus{2}, DataQuality{1}, Bid{926,4095}, Ask{950,2013}, BidBook{926,4095; 911,10013; 910,2013; 885,2013; 850,2400; 750,26013; 105,15013}, AskBook{950,2013; 999,5353; 1024,3474; 1025,989050; 1040,19919; 1050,6013}
DBG 20180612-09:39:20.138 [22] Sending mdata update - InstrumentId{317837590261}, TradingStatus{2}, DataQuality{1}, Bid{926,4095}, Ask{950,2013}, BidBook{926,4095; 911,10013; 885,2013; 850,2400; 750,26013; 105,15013}, AskBook{950,2013; 999,5353; 1024,3474; 1025,989050; 1040,19919; 1050,6013}
DBG 20180612-09:39:20.138 [21] Sending mdata update - InstrumentId{317837590261}, TradingStatus{2}, DataQuality{1}, Bid{926,4095}, Ask{999,5353}, BidBook{926,4095; 911,10013; 885,2013; 850,2400; 750,26013; 105,15013}, AskBook{999,5353; 1024,3474; 1025,989050; 1040,19919; 1050,6013}
DBG 20180612-09:39:20.841 [20] Sending mdata update - InstrumentId{317837590261}, TradingStatus{2}, DataQuality{1}, Bid{926,4095}, Ask{999,5353}, BidBook{926,4095; 911,10013; 885,2013; 850,2400; 750,26013; 105,15013}, AskBook{999,5353; 1025,989050; 1040,19919; 1050,6013}
DBG 20180612-09:39:35.210 [20] Sending mdata update - InstrumentId{317837590261}, TradingStatus{2}, DataQuality{1}, Bid{926,4095}, Ask{999,7353}, BidBook{926,4095; 911,10013; 885,2013; 850,2400; 750,26013; 105,15013}, AskBook{999,7353; 1025,989050; 1040,19919; 1050,6013}
DBG 20180612-09:40:19.095 [21] Sending mdata update - InstrumentId{317837590261}, TradingStatus{2}, DataQuality{1}, Bid{926,4095}, Ask{999,7353}, BidBook{926,4095; 885,2013; 850,2400; 750,26013; 105,15013}, AskBook{999,7353; 1025,989050; 1040,19919; 1050,6013}
DBG 20180612-09:40:23.819 [22] Sending mdata update - InstrumentId{317837590261}, TradingStatus{2}, DataQuality{1}, Bid{926,4095}, Ask{999,7353}, BidBook{926,4095; 900,50013; 885,2013; 850,2400; 750,26013; 105,15013}, AskBook{999,7353; 1025,989050; 1040,19919; 1050,6013}
DBG 20180612-09:41:05.509 [22] Sending mdata update - InstrumentId{317837590261}, TradingStatus{2}, DataQuality{1}, Bid{950,2150}, Ask{999,7353}, BidBook{950,2150; 926,4095; 900,50013; 885,2013; 850,2400; 750,26013; 105,15013}, AskBook{999,7353; 1025,989050; 1040,19919; 1050,6013}
DBG 20180612-09:41:18.257 [19] Sending mdata update - InstrumentId{317837590261}, TradingStatus{2}, DataQuality{1}, Bid{950,2150}, Ask{990,4013}, BidBook{950,2150; 926,4095; 900,50013; 885,2013; 850,2400; 750,26013; 105,15013}, AskBook{990,4013; 999,7353; 1025,989050; 1040,19919; 1050,6013}
DBG 20180612-09:41:18.415 [20] Sending mdata update - InstrumentId{317837590261}, TradingStatus{2}, DataQuality{1}, Bid{950,2150}, Ask{990,6013}, BidBook{950,2150; 926,4095; 900,50013; 885,2013; 850,2400; 750,26013; 105,15013}, AskBook{990,6013; 999,5353; 1025,989050; 1040,19919; 1050,6013}
DBG 20180612-09:41:19.517 [18] Sending mdata update - InstrumentId{317837590261}, TradingStatus{2}, DataQuality{1}, Bid{950,2150}, Ask{990,6013}, BidBook{950,2150; 926,4095; 900,50013; 885,2013; 850,2400; 750,26013; 105,15013}, AskBook{990,6013; 999,5353; 1024,3474; 1025,989050; 1040,19919; 1050,6013}
DBG 20180612-09:41:22.416 [19] Sending mdata update - InstrumentId{317837590261}, TradingStatus{2}, DataQuality{1}, Bid{950,2150}, Ask{990,6013}, BidBook{950,2150; 926,4095; 900,50013; 850,2400; 750,26013; 105,15013}, AskBook{990,6013; 999,5353; 1024,3474; 1025,989050; 1040,19919; 1050,6013}
DBG 20180612-09:41:23.626 [18] Sending mdata update - InstrumentId{317837590261}, TradingStatus{2}, DataQuality{1}, Bid{950,2150}, Ask{990,6013}, BidBook{950,2150; 926,4095; 900,65170; 850,2400; 750,26013; 105,15013}, AskBook{990,6013; 999,5353; 1024,3474; 1025,989050; 1040,19919; 1050,6013}
DBG 20180612-09:41:49.494 [22] Sending mdata update - InstrumentId{317837590261}, TradingStatus{2}, DataQuality{1}, Bid{951,4095}, Ask{990,6013}, BidBook{951,4095; 950,2150; 926,4095; 900,65170; 850,2400; 750,26013; 105,15013}, AskBook{990,6013; 999,5353; 1024,3474; 1025,989050; 1040,19919; 1050,6013}
DBG 20180612-09:41:49.602 [18] Sending mdata update - InstrumentId{317837590261}, TradingStatus{2}, DataQuality{1}, Bid{951,4095}, Ask{990,6013}, BidBook{951,4095; 950,2150; 900,65170; 850,2400; 750,26013; 105,15013}, AskBook{990,6013; 999,5353; 1024,3474; 1025,989050; 1040,19919; 1050,6013}
DBG 20180612-09:42:08.204 [19] Sending mdata update - InstrumentId{317837590261}, TradingStatus{2}, DataQuality{1}, Bid{959,100}, Ask{990,6013}, BidBook{959,100; 951,4095; 950,2150; 900,65170; 850,2400; 750,26013; 105,15013}, AskBook{990,6013; 999,5353; 1024,3474; 1025,989050; 1040,19919; 1050,6013}
DBG 20180612-09:42:15.655 [20] Sending mdata update - InstrumentId{317837590261}, TradingStatus{2}, DataQuality{1}, Bid{951,4095}, Ask{990,6013}, BidBook{951,4095; 950,2150; 900,65170; 850,2400; 750,26013; 105,15013}, AskBook{990,6013; 999,5353; 1024,3474; 1025,989050; 1040,19919; 1050,6013}
DBG 20180612-09:45:36.800 [18] Sending mdata update - InstrumentId{317837590261}, TradingStatus{2}, DataQuality{1}, Bid{951,4095}, Ask{985,5353}, BidBook{951,4095; 950,2150; 900,65170; 850,2400; 750,26013; 105,15013}, AskBook{985,5353; 990,6013; 1024,3474; 1025,989050; 1040,19919; 1050,6013}
DBG 20180612-09:45:36.957 [19] Sending mdata update - InstrumentId{317837590261}, TradingStatus{2}, DataQuality{1}, Bid{951,4095}, Ask{985,7353}, BidBook{951,4095; 950,2150; 900,65170; 850,2400; 750,26013; 105,15013}, AskBook{985,7353; 990,4013; 1024,3474; 1025,989050; 1040,19919; 1050,6013}
DBG 20180612-09:47:11.754 [19] Sending mdata update - InstrumentId{317837590261}, TradingStatus{2}, DataQuality{1}, Bid{951,4095}, Ask{985,2013}, BidBook{951,4095; 950,2150; 900,65170; 850,2400; 750,26013; 105,15013}, AskBook{985,2013; 990,4013; 1024,3474; 1025,989050; 1040,19919; 1050,6013}
DBG 20180612-09:47:11.754 [19] Sending mdata update - InstrumentId{317837590261}, TradingStatus{2}, DataQuality{1}, Bid{950,2150}, Ask{985,2013}, BidBook{950,2150; 900,65170; 850,2400; 750,26013; 105,15013}, AskBook{985,2013; 990,4013; 1024,3474; 1025,989050; 1040,19919; 1050,6013}
DBG 20180612-09:47:11.754 [19] Sending mdata update - InstrumentId{317837590261}, TradingStatus{2}, DataQuality{1}, Bid{950,892}, Ask{985,2013}, BidBook{950,892; 900,65170; 850,2400; 750,26013; 105,15013}, AskBook{985,2013; 990,4013; 1024,3474; 1025,989050; 1040,19919; 1050,6013}
DBG 20180612-09:47:11.762 [21] Sending mdata update - InstrumentId{317837590261}, TradingStatus{2}, DataQuality{1}, Bid{950,892}, Ask{985,2013}, BidBook{950,892; 900,65170; 850,2400; 750,26013; 105,15013}, AskBook{985,2013; 990,4013; 1024,3474; 1025,989050; 1040,19919; 1050,6013}
DBG 20180612-09:47:12.479 [21] Sending mdata update - InstrumentId{317837590261}, TradingStatus{2}, DataQuality{1}, Bid{950,892}, Ask{985,2013}, BidBook{950,892; 900,50013; 850,2400; 750,26013; 105,15013}, AskBook{985,2013; 990,4013; 1024,3474; 1025,989050; 1040,19919; 1050,6013}
DBG 20180612-09:57:22.202 [19] Sending mdata update - InstrumentId{317837590261}, TradingStatus{2}, DataQuality{1}, Bid{950,1070}, Ask{985,2013}, BidBook{950,1070; 900,50013; 850,2400; 750,26013; 105,15013}, AskBook{985,2013; 990,4013; 1024,3474; 1025,989050; 1040,19919; 1050,6013}
DBG 20180612-09:59:57.929 [21] Sending mdata update - InstrumentId{317837590261}, TradingStatus{2}, DataQuality{1}, Bid{950,1070}, Ask{985,2013}, BidBook{950,1070; 900,50013; 885,2013; 850,2400; 750,26013; 105,15013}, AskBook{985,2013; 990,4013; 1024,3474; 1025,989050; 1040,19919; 1050,6013}
DBG 20180612-09:59:59.125 [21] Sending mdata update - InstrumentId{317837590261}, TradingStatus{2}, DataQuality{1}, Bid{950,1070}, Ask{985,2013}, BidBook{950,1070; 900,65170; 885,2013; 850,2400; 750,26013; 105,15013}, AskBook{985,2013; 990,4013; 1024,3474; 1025,989050; 1040,19919; 1050,6013}
DBG 20180612-10:00:58.246 [21] Sending mdata update - InstrumentId{317837590261}, TradingStatus{2}, DataQuality{1}, Bid{950,1070}, Ask{985,2013}, BidBook{950,1070; 900,65170; 850,2400; 750,26013; 105,15013}, AskBook{985,2013; 990,4013; 1024,3474; 1025,989050; 1040,19919; 1050,6013}
DBG 20180612-10:00:58.868 [20] Sending mdata update - InstrumentId{317837590261}, TradingStatus{2}, DataQuality{1}, Bid{950,1070}, Ask{985,2013}, BidBook{950,1070; 900,50013; 850,2400; 750,26013; 105,15013}, AskBook{985,2013; 990,4013; 1024,3474; 1025,989050; 1040,19919; 1050,6013}
DBG 20180612-10:01:16.823 [19] Sending mdata update - InstrumentId{317837590261}, TradingStatus{2}, DataQuality{1}, Bid{950,1070}, Ask{985,2013}, BidBook{950,1070; 900,50013; 890,2200; 850,2400; 750,26013; 105,15013}, AskBook{985,2013; 990,4013; 1024,3474; 1025,989050; 1040,19919; 1050,6013}
DBG 20180612-10:01:18.036 [21] Sending mdata update - InstrumentId{317837590261}, TradingStatus{2}, DataQuality{1}, Bid{950,1070}, Ask{985,2013}, BidBook{950,1070; 900,65170; 890,2200; 850,2400; 750,26013; 105,15013}, AskBook{985,2013; 990,4013; 1024,3474; 1025,989050; 1040,19919; 1050,6013}
DBG 20180612-10:18:56.428 [19] Sending mdata update - InstrumentId{317837590261}, TradingStatus{2}, DataQuality{1}, Bid{950,892}, Ask{985,2013}, BidBook{950,892; 900,65170; 890,2200; 850,2400; 750,26013; 105,15013}, AskBook{985,2013; 990,4013; 1024,3474; 1025,989050; 1040,19919; 1050,6013}
DBG 20180612-10:19:17.879 [18] Sending mdata update - InstrumentId{317837590261}, TradingStatus{2}, DataQuality{1}, Bid{950,714}, Ask{985,2013}, BidBook{950,714; 900,65170; 890,2200; 850,2400; 750,26013; 105,15013}, AskBook{985,2013; 990,4013; 1024,3474; 1025,989050; 1040,19919; 1050,6013}
DBG 20180612-10:19:17.894 [18] Sending mdata update - InstrumentId{317837590261}, TradingStatus{2}, DataQuality{1}, Bid{950,714}, Ask{985,2013}, BidBook{950,714; 900,65170; 890,2200; 850,2400; 750,26013; 105,15013}, AskBook{985,2013; 990,4013; 1024,3474; 1025,989050; 1040,19919; 1050,6013}
DBG 20180612-10:26:21.811 [19] Sending mdata update - InstrumentId{317837590261}, TradingStatus{2}, DataQuality{1}, Bid{950,714}, Ask{990,4013}, BidBook{950,714; 900,65170; 890,2200; 850,2400; 750,26013; 105,15013}, AskBook{990,4013; 1024,3474; 1025,989050; 1040,19919; 1050,6013}
DBG 20180612-10:26:22.116 [20] Sending mdata update - InstrumentId{317837590261}, TradingStatus{2}, DataQuality{1}, Bid{950,714}, Ask{990,4013}, BidBook{950,714; 900,50013; 890,2200; 850,2400; 750,26013; 105,15013}, AskBook{990,4013; 1024,3474; 1025,989050; 1040,19919; 1050,6013}
DBG 20180612-10:26:22.116 [21] Sending mdata update - InstrumentId{317837590261}, TradingStatus{2}, DataQuality{1}, Bid{950,714}, Ask{990,4013}, BidBook{950,714; 900,50013; 890,2200; 850,2400; 750,26013; 105,15013}, AskBook{990,4013; 1025,989050; 1040,19919; 1050,6013}
DBG 20180612-10:26:26.746 [19] Sending mdata update - InstrumentId{317837590261}, TradingStatus{2}, DataQuality{1}, Bid{950,714}, Ask{990,6013}, BidBook{950,714; 900,50013; 890,2200; 850,2400; 750,26013; 105,15013}, AskBook{990,6013; 1025,989050; 1040,19919; 1050,6013}
DBG 20180612-10:32:39.617 [19] Sending mdata update - InstrumentId{317837590261}, TradingStatus{2}, DataQuality{1}, Bid{950,714}, Ask{990,4013}, BidBook{950,714; 900,50013; 890,2200; 850,2400; 750,26013; 105,15013}, AskBook{990,4013; 1025,989050; 1040,19919; 1050,6013}
DBG 20180612-10:32:46.247 [22] Sending mdata update - InstrumentId{317837590261}, TradingStatus{2}, DataQuality{1}, Bid{950,714}, Ask{990,6013}, BidBook{950,714; 900,50013; 890,2200; 850,2400; 750,26013; 105,15013}, AskBook{990,6013; 1025,989050; 1040,19919; 1050,6013}
DBG 20180612-11:06:46.734 [20] Sending mdata update - InstrumentId{317837590261}, TradingStatus{2}, DataQuality{1}, Bid{950,714}, Ask{990,6013}, BidBook{950,714; 900,50013; 890,2200; 850,2400; 750,26013; 105,15013}, AskBook{990,6013; 1020,50013; 1025,989050; 1040,19919; 1050,6013}
DBG 20180612-11:06:48.420 [22] Sending mdata update - InstrumentId{317837590261}, TradingStatus{2}, DataQuality{1}, Bid{950,714}, Ask{990,6013}, BidBook{950,714; 900,50013; 890,2200; 850,2400; 750,26013; 105,15013}, AskBook{990,6013; 1019,3474; 1020,50013; 1025,989050; 1040,19919; 1050,6013}
DBG 20180612-11:06:53.978 [18] Sending mdata update - InstrumentId{317837590261}, TradingStatus{2}, DataQuality{1}, Bid{950,714}, Ask{990,6013}, BidBook{950,714; 900,65170; 890,2200; 850,2400; 750,26013; 105,15013}, AskBook{990,6013; 1019,3474; 1020,50013; 1025,989050; 1040,19919; 1050,6013}
DBG 20180612-11:13:07.892 [19] Sending mdata update - InstrumentId{317837590261}, TradingStatus{2}, DataQuality{1}, Bid{950,714}, Ask{990,4013}, BidBook{950,714; 900,65170; 890,2200; 850,2400; 750,26013; 105,15013}, AskBook{990,4013; 1019,3474; 1020,50013; 1025,989050; 1040,19919; 1050,6013}
DBG 20180612-11:13:08.759 [22] Sending mdata update - InstrumentId{317837590261}, TradingStatus{2}, DataQuality{1}, Bid{950,714}, Ask{990,6013}, BidBook{950,714; 900,65170; 890,2200; 850,2400; 750,26013; 105,15013}, AskBook{990,6013; 1019,3474; 1020,50013; 1025,989050; 1040,19919; 1050,6013}
DBG 20180612-11:16:17.595 [20] Sending mdata update - InstrumentId{317837590261}, TradingStatus{2}, DataQuality{1}, Bid{950,714}, Ask{990,6013}, BidBook{950,714; 900,65170; 890,2200; 850,2400; 750,26013; 105,15013}, AskBook{990,6013; 1020,50013; 1025,989050; 1040,19919; 1050,6013}
DBG 20180612-11:16:17.689 [22] Sending mdata update - InstrumentId{317837590261}, TradingStatus{2}, DataQuality{1}, Bid{950,714}, Ask{990,6013}, BidBook{950,714; 900,50013; 890,2200; 850,2400; 750,26013; 105,15013}, AskBook{990,6013; 1020,50013; 1025,989050; 1040,19919; 1050,6013}
DBG 20180612-11:27:54.578 [19] Sending mdata update - InstrumentId{317837590261}, TradingStatus{2}, DataQuality{1}, Bid{950,714}, Ask{990,6013}, BidBook{950,714; 901,8658; 900,50013; 890,2200; 850,2400; 750,26013; 105,15013}, AskBook{990,6013; 1020,50013; 1025,989050; 1040,19919; 1050,6013}
DBG 20180612-11:27:57.046 [18] Sending mdata update - InstrumentId{317837590261}, TradingStatus{2}, DataQuality{1}, Bid{950,714}, Ask{990,6013}, BidBook{950,714; 901,8658; 900,50013; 890,2200; 850,2400; 750,26013; 105,15013}, AskBook{990,6013; 1019,3474; 1020,50013; 1025,989050; 1040,19919; 1050,6013}
DBG 20180612-11:31:41.949 [22] Sending mdata update - InstrumentId{317837590261}, TradingStatus{2}, DataQuality{1}, Bid{950,3140}, Ask{990,6013}, BidBook{950,3140; 901,8658; 900,50013; 890,2200; 850,2400; 750,26013; 105,15013}, AskBook{990,6013; 1019,3474; 1020,50013; 1025,989050; 1040,19919; 1050,6013}
DBG 20180612-11:58:47.397 [18] Sending mdata update - InstrumentId{317837590261}, TradingStatus{2}, DataQuality{1}, Bid{950,3140}, Ask{990,6013}, BidBook{950,3140; 901,8658; 900,50013; 890,2200; 850,2400; 750,26013; 105,15013}, AskBook{990,6013; 1019,3474; 1020,50013; 1025,989050; 1040,19919; 1050,6013}
DBG 20180612-11:58:47.554 [21] Sending mdata update - InstrumentId{317837590261}, TradingStatus{2}, DataQuality{1}, Bid{950,3140}, Ask{990,4013}, BidBook{950,3140; 901,8658; 900,50013; 890,2200; 850,2400; 750,26013; 105,15013}, AskBook{990,4013; 1019,3474; 1020,50013; 1025,989050; 1040,19919; 1050,6013}
DBG 20180612-11:58:47.565 [21] Sending mdata update - InstrumentId{317837590261}, TradingStatus{2}, DataQuality{1}, Bid{950,3140}, Ask{990,4013}, BidBook{950,3140; 900,50013; 890,2200; 850,2400; 750,26013; 105,15013}, AskBook{990,4013; 1019,3474; 1020,50013; 1025,989050; 1040,19919; 1050,6013}
DBG 20180612-11:58:47.565 [20] Sending mdata update - InstrumentId{317837590261}, TradingStatus{2}, DataQuality{1}, Bid{950,3140}, Ask{990,4013}, BidBook{950,3140; 900,50013; 890,2200; 850,2400; 750,26013; 105,15013}, AskBook{990,4013; 1020,50013; 1025,989050; 1040,19919; 1050,6013}
DBG 20180612-11:58:47.621 [20] Sending mdata update - InstrumentId{317837590261}, TradingStatus{2}, DataQuality{1}, Bid{950,714}, Ask{990,4013}, BidBook{950,714; 900,50013; 890,2200; 850,2400; 750,26013; 105,15013}, AskBook{990,4013; 1020,50013; 1025,989050; 1040,19919; 1050,6013}
DBG 20180612-12:13:50.591 [19] Sending mdata update - InstrumentId{317837590261}, TradingStatus{2}, DataQuality{1}, Bid{950,714}, Ask{990,4013}, BidBook{950,714; 900,50013; 890,2200; 850,2400; 750,26013; 105,15013}, AskBook{990,4013; 1020,50013; 1025,989050; 1040,19919; 1050,6013}
DBG 20180612-12:13:50.748 [18] Sending mdata update - InstrumentId{317837590261}, TradingStatus{2}, DataQuality{1}, Bid{950,714}, Ask{990,6013}, BidBook{950,714; 900,50013; 890,2200; 850,2400; 750,26013; 105,15013}, AskBook{990,6013; 1020,50013; 1025,989050; 1040,19919; 1050,6013}
DBG 20180612-12:13:51.808 [22] Sending mdata update - InstrumentId{317837590261}, TradingStatus{2}, DataQuality{1}, Bid{950,714}, Ask{990,6013}, BidBook{950,714; 901,8658; 900,50013; 890,2200; 850,2400; 750,26013; 105,15013}, AskBook{990,6013; 1020,50013; 1025,989050; 1040,19919; 1050,6013}
DBG 20180612-12:13:55.917 [20] Sending mdata update - InstrumentId{317837590261}, TradingStatus{2}, DataQuality{1}, Bid{950,714}, Ask{990,6013}, BidBook{950,714; 901,8658; 900,50013; 890,2200; 850,2400; 750,26013; 105,15013}, AskBook{990,6013; 1019,3474; 1020,50013; 1025,989050; 1040,19919; 1050,6013}
DBG 20180612-12:14:57.235 [21] Sending mdata update - InstrumentId{317837590261}, TradingStatus{2}, DataQuality{1}, Bid{951,2478}, Ask{990,6013}, BidBook{951,2478; 950,714; 901,8658; 900,50013; 890,2200; 850,2400; 750,26013; 105,15013}, AskBook{990,6013; 1019,3474; 1020,50013; 1025,989050; 1040,19919; 1050,6013}
DBG 20180612-13:02:51.679 [22] Sending mdata update - InstrumentId{317837590261}, TradingStatus{2}, DataQuality{1}, Bid{951,2478}, Ask{990,4013}, BidBook{951,2478; 950,714; 901,8658; 900,50013; 890,2200; 850,2400; 750,26013; 105,15013}, AskBook{990,4013; 1019,3474; 1020,50013; 1025,989050; 1040,19919; 1050,6013}
DBG 20180612-13:02:51.837 [22] Sending mdata update - InstrumentId{317837590261}, TradingStatus{2}, DataQuality{1}, Bid{951,2478}, Ask{990,6013}, BidBook{951,2478; 950,714; 901,8658; 900,50013; 890,2200; 850,2400; 750,26013; 105,15013}, AskBook{990,6013; 1019,3474; 1020,50013; 1025,989050; 1040,19919; 1050,6013}
DBG 20180612-13:05:23.165 [21] Sending mdata update - InstrumentId{317837590261}, TradingStatus{2}, DataQuality{1}, Bid{951,2478}, Ask{990,5923}, BidBook{951,2478; 950,714; 901,8658; 900,50013; 890,2200; 850,2400; 750,26013; 105,15013}, AskBook{990,5923; 1019,3474; 1020,50013; 1025,989050; 1040,19919; 1050,6013}
DBG 20180612-13:05:23.175 [18] Sending mdata update - InstrumentId{317837590261}, TradingStatus{2}, DataQuality{1}, Bid{951,2478}, Ask{990,5923}, BidBook{951,2478; 950,714; 901,8658; 900,50013; 890,2200; 850,2400; 750,26013; 105,15013}, AskBook{990,5923; 1019,3474; 1020,50013; 1025,989050; 1040,19919; 1050,6013}
DBG 20180612-13:06:48.945 [21] Sending mdata update - InstrumentId{317837590261}, TradingStatus{2}, DataQuality{1}, Bid{951,2478}, Ask{990,5923}, BidBook{951,2478; 950,714; 902,50013; 901,8658; 890,2200; 850,2400; 750,26013; 105,15013}, AskBook{990,5923; 1019,3474; 1020,50013; 1025,989050; 1040,19919; 1050,6013}
DBG 20180612-13:06:49.163 [20] Sending mdata update - InstrumentId{317837590261}, TradingStatus{2}, DataQuality{1}, Bid{951,2478}, Ask{990,5923}, BidBook{951,2478; 950,714; 902,50013; 890,2200; 850,2400; 750,26013; 105,15013}, AskBook{990,5923; 1019,3474; 1020,50013; 1025,989050; 1040,19919; 1050,6013}
DBG 20180612-13:06:50.692 [20] Sending mdata update - InstrumentId{317837590261}, TradingStatus{2}, DataQuality{1}, Bid{951,2478}, Ask{990,5923}, BidBook{951,2478; 950,714; 903,8639; 902,50013; 890,2200; 850,2400; 750,26013; 105,15013}, AskBook{990,5923; 1019,3474; 1020,50013; 1025,989050; 1040,19919; 1050,6013}
